<?xml version="1.0" encoding="UTF-8"?>
<!-- Generated by org.testng.reporters.JUnitReportReporter -->
<testsuite skipped="0" hostname="DESKTOP-F4UEUN5" name="Test.LoginTest" tests="1" failures="0" timestamp="01 Nov 2018 05:54:49 GMT" time="31.647" errors="0">
  <testcase name="Loginfunction" time="31.647" classname="Test.LoginTest"/>
</testsuite> <!-- Test.LoginTest -->
