<?xml version="1.0" encoding="UTF-8"?>
<!-- Generated by org.testng.reporters.JUnitReportReporter -->
<testsuite skipped="0" hostname="DESKTOP-NUTRCVD" name="Test.LoginTest" tests="1" failures="0" timestamp="02 Nov 2018 06:46:50 GMT" time="15.033" errors="0">
  <testcase name="LoginPage" time="15.033" classname="Test.LoginTest"/>
</testsuite> <!-- Test.LoginTest -->
