<?xml version="1.0" encoding="UTF-8"?>
<!-- Generated by org.testng.reporters.JUnitReportReporter -->
<testsuite skipped="0" hostname="Desktop-Dell" name="Tests.LoginTest" tests="1" failures="0" timestamp="01 Nov 2018 08:50:49 GMT" time="28.042" errors="0">
  <testcase name="LoginPage" time="28.042" classname="Tests.LoginTest"/>
</testsuite> <!-- Tests.LoginTest -->
