<?xml version="1.0" encoding="UTF-8"?>
<!-- Generated by org.testng.reporters.JUnitReportReporter -->
<testsuite skipped="0" hostname="DESKTOP-4P028R8" name="Test.LoginTest" tests="1" failures="0" timestamp="01 Nov 2018 05:04:35 GMT" time="14.162" errors="0">
  <testcase name="login" time="14.162" classname="Test.LoginTest"/>
</testsuite> <!-- Test.LoginTest -->
